<?xml version="1.0" encoding="UTF-8"?>
<!-- Generated by org.testng.reporters.JUnitXMLReporter -->
<testsuite ignored="0" hostname="APH10044" failures="0" tests="1" name="Open" time="0.081" errors="0" timestamp="2022-11-23T17:45:48 IST">
  <testcase classname="com.petwebsite.com.petwebsite.Petstore" name="@BeforeSuite startTest" time="0.127">
    <failure type="java.lang.NoClassDefFoundError" message="freemarker/template/TemplateException">
      <![CDATA[java.lang.NoClassDefFoundError: freemarker/template/TemplateException
at com.relevantcodes.extentreports.ExtentReports.<init>(ExtentReports.java:86)
at com.relevantcodes.extentreports.ExtentReports.<init>(ExtentReports.java:420)
at com.petwebsite.com.petwebsite.Petstore.startTest(Petstore.java:44)
Caused by: java.lang.ClassNotFoundException: freemarker.template.TemplateException
at java.base/jdk.internal.loader.BuiltinClassLoader.loadClass(BuiltinClassLoader.java:641)
at java.base/jdk.internal.loader.ClassLoaders$AppClassLoader.loadClass(ClassLoaders.java:188)
at java.base/java.lang.ClassLoader.loadClass(ClassLoader.java:521)
... 20 more
... Removed 17 stack frames]]>
    </failure>
  </testcase> <!-- @BeforeSuite startTest -->
  <testcase classname="com.petwebsite.com.petwebsite.Petstore" name="login" time="0.0">
    <skipped/>
  </testcase> <!-- login -->
</testsuite> <!-- Open -->
